01/02/2023 15:35:32 com.crm.qa.base.TestBase *********************Starting signuppage testcases**********************
01/02/2023 15:35:32 io.netty.util.internal.logging.InternalLoggerFactory Using Log4J as the default logging framework
01/02/2023 15:35:32 io.netty.util.ResourceLeakDetector -Dio.netty.leakDetection.level: simple
01/02/2023 15:35:32 io.netty.util.ResourceLeakDetector -Dio.netty.leakDetection.targetRecords: 4
01/02/2023 15:35:32 io.netty.util.ResourceLeakDetectorFactory Loaded default ResourceLeakDetector: io.netty.util.ResourceLeakDetector@373ebf74
01/02/2023 15:35:32 io.netty.util.internal.PlatformDependent0 -Dio.netty.noUnsafe: false
01/02/2023 15:35:32 io.netty.util.internal.PlatformDependent0 Java version: 11
01/02/2023 15:35:32 io.netty.util.internal.PlatformDependent0 sun.misc.Unsafe.theUnsafe: available
01/02/2023 15:35:32 io.netty.util.internal.PlatformDependent0 sun.misc.Unsafe.copyMemory: available
01/02/2023 15:35:32 io.netty.util.internal.PlatformDependent0 sun.misc.Unsafe.storeFence: available
01/02/2023 15:35:32 io.netty.util.internal.PlatformDependent0 java.nio.Buffer.address: available
01/02/2023 15:35:32 io.netty.util.internal.PlatformDependent0 direct buffer constructor: unavailable: Reflective setAccessible(true) disabled
01/02/2023 15:35:32 io.netty.util.internal.PlatformDependent0 java.nio.Bits.unaligned: available, true
01/02/2023 15:35:32 io.netty.util.internal.PlatformDependent0 jdk.internal.misc.Unsafe.allocateUninitializedArray(int): unavailable: class io.netty.util.internal.PlatformDependent0$7 cannot access class jdk.internal.misc.Unsafe (in module java.base) because module java.base does not export jdk.internal.misc to unnamed module @424ebba3
01/02/2023 15:35:32 io.netty.util.internal.PlatformDependent0 java.nio.DirectByteBuffer.<init>(long, int): unavailable
01/02/2023 15:35:32 io.netty.util.internal.PlatformDependent sun.misc.Unsafe: available
01/02/2023 15:35:32 io.netty.util.internal.PlatformDependent maxDirectMemory: 2107637760 bytes (maybe)
01/02/2023 15:35:32 io.netty.util.internal.PlatformDependent -Dio.netty.tmpdir: C:\Users\mitul\AppData\Local\Temp (java.io.tmpdir)
01/02/2023 15:35:32 io.netty.util.internal.PlatformDependent -Dio.netty.bitMode: 64 (sun.arch.data.model)
01/02/2023 15:35:32 io.netty.util.internal.PlatformDependent Platform: Windows
01/02/2023 15:35:32 io.netty.util.internal.PlatformDependent -Dio.netty.maxDirectMemory: -1 bytes
01/02/2023 15:35:32 io.netty.util.internal.PlatformDependent -Dio.netty.uninitializedArrayAllocationThreshold: -1
01/02/2023 15:35:32 io.netty.util.internal.CleanerJava9 java.nio.ByteBuffer.cleaner(): available
01/02/2023 15:35:32 io.netty.util.internal.PlatformDependent -Dio.netty.noPreferDirect: false
01/02/2023 15:35:32 io.netty.util.internal.PlatformDependent org.jctools-core.MpscChunkedArrayQueue: available
01/02/2023 15:35:32 io.netty.util.internal.InternalThreadLocalMap -Dio.netty.threadLocalMap.stringBuilder.initialSize: 1024
01/02/2023 15:35:32 io.netty.util.internal.InternalThreadLocalMap -Dio.netty.threadLocalMap.stringBuilder.maxSize: 4096
01/02/2023 15:35:32 io.netty.handler.ssl.JdkSslContext Default protocols (JDK): [TLSv1.3, TLSv1.2, TLSv1.1, TLSv1] 
01/02/2023 15:35:32 io.netty.handler.ssl.JdkSslContext Default cipher suites (JDK): [TLS_ECDHE_ECDSA_WITH_AES_256_GCM_SHA384, TLS_ECDHE_ECDSA_WITH_AES_128_GCM_SHA256, TLS_ECDHE_RSA_WITH_AES_128_GCM_SHA256, TLS_ECDHE_RSA_WITH_AES_256_GCM_SHA384, TLS_ECDHE_RSA_WITH_AES_128_CBC_SHA, TLS_ECDHE_RSA_WITH_AES_256_CBC_SHA, TLS_RSA_WITH_AES_128_GCM_SHA256, TLS_RSA_WITH_AES_128_CBC_SHA, TLS_RSA_WITH_AES_256_CBC_SHA, TLS_AES_128_GCM_SHA256, TLS_AES_256_GCM_SHA384]
01/02/2023 15:35:32 io.netty.channel.MultithreadEventLoopGroup -Dio.netty.eventLoopThreads: 24
01/02/2023 15:35:32 io.netty.channel.nio.NioEventLoop -Dio.netty.noKeySetOptimization: false
01/02/2023 15:35:32 io.netty.channel.nio.NioEventLoop -Dio.netty.selectorAutoRebuildThreshold: 512
01/02/2023 15:35:32 io.netty.buffer.PooledByteBufAllocator -Dio.netty.allocator.numHeapArenas: 24
01/02/2023 15:35:32 io.netty.buffer.PooledByteBufAllocator -Dio.netty.allocator.numDirectArenas: 24
01/02/2023 15:35:32 io.netty.buffer.PooledByteBufAllocator -Dio.netty.allocator.pageSize: 8192
01/02/2023 15:35:32 io.netty.buffer.PooledByteBufAllocator -Dio.netty.allocator.maxOrder: 9
01/02/2023 15:35:32 io.netty.buffer.PooledByteBufAllocator -Dio.netty.allocator.chunkSize: 4194304
01/02/2023 15:35:32 io.netty.buffer.PooledByteBufAllocator -Dio.netty.allocator.smallCacheSize: 256
01/02/2023 15:35:32 io.netty.buffer.PooledByteBufAllocator -Dio.netty.allocator.normalCacheSize: 64
01/02/2023 15:35:32 io.netty.buffer.PooledByteBufAllocator -Dio.netty.allocator.maxCachedBufferCapacity: 32768
01/02/2023 15:35:32 io.netty.buffer.PooledByteBufAllocator -Dio.netty.allocator.cacheTrimInterval: 8192
01/02/2023 15:35:32 io.netty.buffer.PooledByteBufAllocator -Dio.netty.allocator.cacheTrimIntervalMillis: 0
01/02/2023 15:35:32 io.netty.buffer.PooledByteBufAllocator -Dio.netty.allocator.useCacheForAllThreads: false
01/02/2023 15:35:32 io.netty.buffer.PooledByteBufAllocator -Dio.netty.allocator.maxCachedByteBuffersPerChunk: 1023
01/02/2023 15:35:32 io.netty.buffer.ByteBufUtil -Dio.netty.allocator.type: pooled
01/02/2023 15:35:32 io.netty.buffer.ByteBufUtil -Dio.netty.threadLocalDirectBufferSize: 0
01/02/2023 15:35:32 io.netty.buffer.ByteBufUtil -Dio.netty.maxThreadLocalCharBufferSize: 16384
01/02/2023 15:35:33 io.netty.channel.DefaultChannelId -Dio.netty.processId: 22128 (auto-detected)
01/02/2023 15:35:33 io.netty.util.NetUtil -Djava.net.preferIPv4Stack: false
01/02/2023 15:35:33 io.netty.util.NetUtil -Djava.net.preferIPv6Addresses: false
01/02/2023 15:35:33 io.netty.util.NetUtilInitializations Loopback interface: lo (Software Loopback Interface 1, 127.0.0.1)
01/02/2023 15:35:33 io.netty.util.NetUtil Failed to get SOMAXCONN from sysctl and file \proc\sys\net\core\somaxconn. Default: 200
01/02/2023 15:35:33 io.netty.channel.DefaultChannelId -Dio.netty.machineId: 1c:1b:b5:ff:fe:d6:ca:9f (auto-detected)
01/02/2023 15:35:33 io.netty.buffer.AbstractByteBuf -Dio.netty.buffer.checkAccessible: true
01/02/2023 15:35:33 io.netty.buffer.AbstractByteBuf -Dio.netty.buffer.checkBounds: true
01/02/2023 15:35:33 io.netty.util.ResourceLeakDetectorFactory Loaded default ResourceLeakDetector: io.netty.util.ResourceLeakDetector@4916f2b8
01/02/2023 15:35:33 io.netty.util.Recycler -Dio.netty.recycler.maxCapacityPerThread: 4096
01/02/2023 15:35:33 io.netty.util.Recycler -Dio.netty.recycler.ratio: 8
01/02/2023 15:35:33 io.netty.util.Recycler -Dio.netty.recycler.chunkSize: 32
01/02/2023 15:35:33 io.netty.util.Recycler -Dio.netty.recycler.blocking: false
01/02/2023 15:35:33 io.netty.handler.codec.compression.Brotli brotli4j not in the classpath; Brotli support will be unavailable.
01/02/2023 15:35:34 io.netty.util.internal.ThreadLocalRandom -Dio.netty.initialSeedUniquifier: 0x4d17a7e1dbbe5181
01/02/2023 15:35:35 com.crm.qa.base.TestBase **********************Entering url****************
01/02/2023 15:35:36 com.crm.qa.base.TestBase *********************Starting First Signup Test**********************
01/02/2023 15:35:36 com.crm.qa.base.TestBase *********************Ending signuppage testcases**********************
01/02/2023 15:35:37 com.crm.qa.base.TestBase *********************Starting signuppage testcases**********************
01/02/2023 15:35:40 com.crm.qa.base.TestBase **********************Entering url****************
01/02/2023 15:35:40 com.crm.qa.base.TestBase *********************Starting Second Signup Test**********************
01/02/2023 15:35:42 com.crm.qa.base.TestBase *********************Ending signuppage testcases**********************
01/02/2023 15:35:42 com.crm.qa.base.TestBase *********************Starting signuppage testcases**********************
01/02/2023 15:35:45 com.crm.qa.base.TestBase **********************Entering url****************
01/02/2023 15:35:46 com.crm.qa.base.TestBase *********************Starting Second Signup Test**********************
01/02/2023 15:35:46 com.crm.qa.base.TestBase *********************Ending signuppage testcases**********************
01/02/2023 15:35:47 com.crm.qa.base.TestBase *********************Starting login testcases**********************
01/02/2023 15:35:49 com.crm.qa.base.TestBase **********************Entering url****************
01/02/2023 15:35:50 com.crm.qa.base.TestBase *********************Starting First Login Test**********************
01/02/2023 15:35:50 com.crm.qa.base.TestBase LoginPage title: Amazon Sign In
01/02/2023 15:35:50 com.crm.qa.base.TestBase *********************Ending login testcases**********************
01/02/2023 15:35:51 com.crm.qa.base.TestBase *********************Starting login testcases**********************
01/02/2023 15:35:53 com.crm.qa.base.TestBase **********************Entering url****************
01/02/2023 15:35:54 com.crm.qa.base.TestBase *********************Starting Second Login Test**********************
01/02/2023 15:35:55 com.crm.qa.base.TestBase *********************Ending login testcases**********************
01/02/2023 15:35:55 com.crm.qa.base.TestBase *********************Starting login testcases**********************
01/02/2023 15:35:58 com.crm.qa.base.TestBase **********************Entering url****************
01/02/2023 15:35:58 com.crm.qa.base.TestBase *********************Starting Third Login Test**********************
01/02/2023 15:35:58 com.crm.qa.base.TestBase *********************Ending login testcases**********************
01/02/2023 15:35:59 com.crm.qa.base.TestBase *********************Starting homepage testcases**********************
01/02/2023 15:36:01 com.crm.qa.base.TestBase **********************Entering url****************
01/02/2023 15:36:03 com.crm.qa.base.TestBase *********************Starting First Homepage Test**********************
01/02/2023 15:36:04 com.crm.qa.base.TestBase *********************Ending login testcases**********************
01/02/2023 15:36:05 com.crm.qa.base.TestBase *********************Starting homepage testcases**********************
01/02/2023 15:36:07 com.crm.qa.base.TestBase **********************Entering url****************
01/02/2023 15:36:08 com.crm.qa.base.TestBase *********************Starting second Homepage Test**********************
01/02/2023 15:36:19 com.crm.qa.base.TestBase *********************Ending login testcases**********************
01/02/2023 15:36:19 com.crm.qa.base.TestBase *********************Starting homepage testcases**********************
01/02/2023 15:36:22 com.crm.qa.base.TestBase **********************Entering url****************
01/02/2023 15:36:27 freemarker.cache Couldn't find template in cache for "Extent.ftl"("en_US", UTF-8, parsed); will try to load it.
01/02/2023 15:36:27 freemarker.cache TemplateLoader.findTemplateSource("Extent_en_US.ftl"): Not found
01/02/2023 15:36:27 freemarker.cache TemplateLoader.findTemplateSource("Extent_en.ftl"): Not found
01/02/2023 15:36:27 freemarker.cache TemplateLoader.findTemplateSource("Extent.ftl"): Found
01/02/2023 15:36:27 freemarker.cache Loading template for "Extent.ftl"("en_US", UTF-8, parsed) from "jar:file:/C:/Users/mitul/.m2/repository/com/relevantcodes/extentreports/2.41.2/extentreports-2.41.2.jar!/com/relevantcodes/extentreports/view/Extent.ftl"
01/02/2023 15:36:27 freemarker.cache Couldn't find template in cache for "Extent.ftl"("en_US", UTF-8, parsed); will try to load it.
01/02/2023 15:36:27 freemarker.cache TemplateLoader.findTemplateSource("Extent_en_US.ftl"): Not found
01/02/2023 15:36:27 freemarker.cache TemplateLoader.findTemplateSource("Extent_en.ftl"): Not found
01/02/2023 15:36:27 freemarker.cache TemplateLoader.findTemplateSource("Extent.ftl"): Found
01/02/2023 15:36:27 freemarker.cache Loading template for "Extent.ftl"("en_US", UTF-8, parsed) from "jar:file:/C:/Users/mitul/.m2/repository/com/relevantcodes/extentreports/2.41.2/extentreports-2.41.2.jar!/com/relevantcodes/extentreports/view/Extent.ftl"
